Build started 18/02/2020 14:14:59.
     1>Project "D:\VS2012 Projects\0_CS_204\yusufhan_kircova_yusufhan_hw1.1\yusufhan_kircova_yusufhan_hw1.1\yusufhan_kircova_yusufhan_hw1.1.vcxproj" on node 2 (Build target(s)).
     1>ClCompile:
         D:\VisualStudio2012\VC\bin\CL.exe /c /ZI /nologo /W3 /WX- /Od /Oy- /D WIN32 /D _DEBUG /D _CONSOLE /D _UNICODE /D UNICODE /Gm /EHsc /RTC1 /MDd /GS /fp:precise /Zc:wchar_t /Zc:forScope /Fo"Debug\\" /Fd"Debug\vc110.pdb" /Gd /TP /analyze- /errorReport:prompt Yusufhan_Kircova_Yusufhan_hw1.cpp
         Yusufhan_Kircova_Yusufhan_hw1.cpp
     1>d:\vs2012 projects\0_cs_204\yusufhan_kircova_yusufhan_hw1.1\yusufhan_kircova_yusufhan_hw1.1\yusufhan_kircova_yusufhan_hw1.cpp(36): warning C4018: '<' : signed/unsigned mismatch
     1>d:\vs2012 projects\0_cs_204\yusufhan_kircova_yusufhan_hw1.1\yusufhan_kircova_yusufhan_hw1.1\yusufhan_kircova_yusufhan_hw1.cpp(38): warning C4018: '<' : signed/unsigned mismatch
     1>d:\vs2012 projects\0_cs_204\yusufhan_kircova_yusufhan_hw1.1\yusufhan_kircova_yusufhan_hw1.1\yusufhan_kircova_yusufhan_hw1.cpp(50): warning C4018: '<' : signed/unsigned mismatch
     1>d:\vs2012 projects\0_cs_204\yusufhan_kircova_yusufhan_hw1.1\yusufhan_kircova_yusufhan_hw1.1\yusufhan_kircova_yusufhan_hw1.cpp(61): warning C4018: '<' : signed/unsigned mismatch
     1>d:\vs2012 projects\0_cs_204\yusufhan_kircova_yusufhan_hw1.1\yusufhan_kircova_yusufhan_hw1.1\yusufhan_kircova_yusufhan_hw1.cpp(63): warning C4018: '<' : signed/unsigned mismatch
     1>d:\vs2012 projects\0_cs_204\yusufhan_kircova_yusufhan_hw1.1\yusufhan_kircova_yusufhan_hw1.1\yusufhan_kircova_yusufhan_hw1.cpp(172): warning C4018: '<' : signed/unsigned mismatch
     1>d:\vs2012 projects\0_cs_204\yusufhan_kircova_yusufhan_hw1.1\yusufhan_kircova_yusufhan_hw1.1\yusufhan_kircova_yusufhan_hw1.cpp(184): warning C4018: '<' : signed/unsigned mismatch
     1>d:\vs2012 projects\0_cs_204\yusufhan_kircova_yusufhan_hw1.1\yusufhan_kircova_yusufhan_hw1.1\yusufhan_kircova_yusufhan_hw1.cpp(221): warning C4018: '<=' : signed/unsigned mismatch
     1>d:\vs2012 projects\0_cs_204\yusufhan_kircova_yusufhan_hw1.1\yusufhan_kircova_yusufhan_hw1.1\yusufhan_kircova_yusufhan_hw1.cpp(223): warning C4018: '<=' : signed/unsigned mismatch
       Link:
         D:\VisualStudio2012\VC\bin\link.exe /ERRORREPORT:PROMPT /OUT:"D:\VS2012 Projects\0_CS_204\yusufhan_kircova_yusufhan_hw1.1\Debug\yusufhan_kircova_yusufhan_hw1.1.exe" /INCREMENTAL /NOLOGO kernel32.lib user32.lib gdi32.lib winspool.lib comdlg32.lib advapi32.lib shell32.lib ole32.lib oleaut32.lib uuid.lib odbc32.lib odbccp32.lib /MANIFEST /MANIFESTUAC:"level='asInvoker' uiAccess='false'" /manifest:embed /DEBUG /PDB:"D:\VS2012 Projects\0_CS_204\yusufhan_kircova_yusufhan_hw1.1\Debug\yusufhan_kircova_yusufhan_hw1.1.pdb" /SUBSYSTEM:CONSOLE /TLBID:1 /DYNAMICBASE /NXCOMPAT /IMPLIB:"D:\VS2012 Projects\0_CS_204\yusufhan_kircova_yusufhan_hw1.1\Debug\yusufhan_kircova_yusufhan_hw1.1.lib" /MACHINE:X86 Debug\Yusufhan_Kircova_Yusufhan_hw1.obj
         yusufhan_kircova_yusufhan_hw1.1.vcxproj -> D:\VS2012 Projects\0_CS_204\yusufhan_kircova_yusufhan_hw1.1\Debug\yusufhan_kircova_yusufhan_hw1.1.exe
     1>Done Building Project "D:\VS2012 Projects\0_CS_204\yusufhan_kircova_yusufhan_hw1.1\yusufhan_kircova_yusufhan_hw1.1\yusufhan_kircova_yusufhan_hw1.1.vcxproj" (Build target(s)).

Build succeeded.

Time Elapsed 00:00:02.22
