D:\VS2012 PROJECTS\0_CS_204\YUSUFHAN_KIRCOVA_YUSUFHAN_HW2\YUSUFHAN_KIRCOVA_YUSUFHAN_HW2\DEBUG\YUSUFHAN_KIRCOVA_YUSUFHAN_HW2.OBJ
D:\VS2012 PROJECTS\0_CS_204\YUSUFHAN_KIRCOVA_YUSUFHAN_HW2\YUSUFHAN_KIRCOVA_YUSUFHAN_HW2\DEBUG\VC110.PDB
D:\VS2012 PROJECTS\0_CS_204\YUSUFHAN_KIRCOVA_YUSUFHAN_HW2\DEBUG\YUSUFHAN_KIRCOVA_YUSUFHAN_HW2.ILK
D:\VS2012 PROJECTS\0_CS_204\YUSUFHAN_KIRCOVA_YUSUFHAN_HW2\DEBUG\YUSUFHAN_KIRCOVA_YUSUFHAN_HW2.EXE
D:\VS2012 PROJECTS\0_CS_204\YUSUFHAN_KIRCOVA_YUSUFHAN_HW2\DEBUG\YUSUFHAN_KIRCOVA_YUSUFHAN_HW2.PDB
D:\VS2012 Projects\0_CS_204\yusufhan_kircova_yusufhan_hw2\yusufhan_kircova_yusufhan_hw2\Debug\yusufhan_kircova_yusufhan_hw2.obj
D:\VS2012 Projects\0_CS_204\yusufhan_kircova_yusufhan_hw2\yusufhan_kircova_yusufhan_hw2\Debug\cl.command.1.tlog
D:\VS2012 Projects\0_CS_204\yusufhan_kircova_yusufhan_hw2\yusufhan_kircova_yusufhan_hw2\Debug\CL.read.1.tlog
D:\VS2012 Projects\0_CS_204\yusufhan_kircova_yusufhan_hw2\yusufhan_kircova_yusufhan_hw2\Debug\CL.write.1.tlog
D:\VS2012 Projects\0_CS_204\yusufhan_kircova_yusufhan_hw2\yusufhan_kircova_yusufhan_hw2\Debug\link-cvtres.read.1.tlog
D:\VS2012 Projects\0_CS_204\yusufhan_kircova_yusufhan_hw2\yusufhan_kircova_yusufhan_hw2\Debug\link-cvtres.write.1.tlog
D:\VS2012 Projects\0_CS_204\yusufhan_kircova_yusufhan_hw2\yusufhan_kircova_yusufhan_hw2\Debug\link-rc.read.1.tlog
D:\VS2012 Projects\0_CS_204\yusufhan_kircova_yusufhan_hw2\yusufhan_kircova_yusufhan_hw2\Debug\link-rc.write.1.tlog
D:\VS2012 Projects\0_CS_204\yusufhan_kircova_yusufhan_hw2\yusufhan_kircova_yusufhan_hw2\Debug\link.16724-cvtres.read.1.tlog
D:\VS2012 Projects\0_CS_204\yusufhan_kircova_yusufhan_hw2\yusufhan_kircova_yusufhan_hw2\Debug\link.16724-cvtres.write.1.tlog
D:\VS2012 Projects\0_CS_204\yusufhan_kircova_yusufhan_hw2\yusufhan_kircova_yusufhan_hw2\Debug\link.16724-rc.read.1.tlog
D:\VS2012 Projects\0_CS_204\yusufhan_kircova_yusufhan_hw2\yusufhan_kircova_yusufhan_hw2\Debug\link.16724-rc.write.1.tlog
D:\VS2012 Projects\0_CS_204\yusufhan_kircova_yusufhan_hw2\yusufhan_kircova_yusufhan_hw2\Debug\link.16724.read.1.tlog
D:\VS2012 Projects\0_CS_204\yusufhan_kircova_yusufhan_hw2\yusufhan_kircova_yusufhan_hw2\Debug\link.16724.write.1.tlog
D:\VS2012 Projects\0_CS_204\yusufhan_kircova_yusufhan_hw2\yusufhan_kircova_yusufhan_hw2\Debug\link.17036-cvtres.read.1.tlog
D:\VS2012 Projects\0_CS_204\yusufhan_kircova_yusufhan_hw2\yusufhan_kircova_yusufhan_hw2\Debug\link.17036-cvtres.write.1.tlog
D:\VS2012 Projects\0_CS_204\yusufhan_kircova_yusufhan_hw2\yusufhan_kircova_yusufhan_hw2\Debug\link.17036-rc.read.1.tlog
D:\VS2012 Projects\0_CS_204\yusufhan_kircova_yusufhan_hw2\yusufhan_kircova_yusufhan_hw2\Debug\link.17036-rc.write.1.tlog
D:\VS2012 Projects\0_CS_204\yusufhan_kircova_yusufhan_hw2\yusufhan_kircova_yusufhan_hw2\Debug\link.17036.read.1.tlog
D:\VS2012 Projects\0_CS_204\yusufhan_kircova_yusufhan_hw2\yusufhan_kircova_yusufhan_hw2\Debug\link.17036.write.1.tlog
D:\VS2012 Projects\0_CS_204\yusufhan_kircova_yusufhan_hw2\yusufhan_kircova_yusufhan_hw2\Debug\link.17724-cvtres.read.1.tlog
D:\VS2012 Projects\0_CS_204\yusufhan_kircova_yusufhan_hw2\yusufhan_kircova_yusufhan_hw2\Debug\link.17724-cvtres.write.1.tlog
D:\VS2012 Projects\0_CS_204\yusufhan_kircova_yusufhan_hw2\yusufhan_kircova_yusufhan_hw2\Debug\link.17724-rc.read.1.tlog
D:\VS2012 Projects\0_CS_204\yusufhan_kircova_yusufhan_hw2\yusufhan_kircova_yusufhan_hw2\Debug\link.17724-rc.write.1.tlog
D:\VS2012 Projects\0_CS_204\yusufhan_kircova_yusufhan_hw2\yusufhan_kircova_yusufhan_hw2\Debug\link.17724.read.1.tlog
D:\VS2012 Projects\0_CS_204\yusufhan_kircova_yusufhan_hw2\yusufhan_kircova_yusufhan_hw2\Debug\link.17724.write.1.tlog
D:\VS2012 Projects\0_CS_204\yusufhan_kircova_yusufhan_hw2\yusufhan_kircova_yusufhan_hw2\Debug\link.20268-cvtres.read.1.tlog
D:\VS2012 Projects\0_CS_204\yusufhan_kircova_yusufhan_hw2\yusufhan_kircova_yusufhan_hw2\Debug\link.20268-cvtres.write.1.tlog
D:\VS2012 Projects\0_CS_204\yusufhan_kircova_yusufhan_hw2\yusufhan_kircova_yusufhan_hw2\Debug\link.20268-rc.read.1.tlog
D:\VS2012 Projects\0_CS_204\yusufhan_kircova_yusufhan_hw2\yusufhan_kircova_yusufhan_hw2\Debug\link.20268-rc.write.1.tlog
D:\VS2012 Projects\0_CS_204\yusufhan_kircova_yusufhan_hw2\yusufhan_kircova_yusufhan_hw2\Debug\link.20268.read.1.tlog
D:\VS2012 Projects\0_CS_204\yusufhan_kircova_yusufhan_hw2\yusufhan_kircova_yusufhan_hw2\Debug\link.20268.write.1.tlog
D:\VS2012 Projects\0_CS_204\yusufhan_kircova_yusufhan_hw2\yusufhan_kircova_yusufhan_hw2\Debug\link.24028-cvtres.read.1.tlog
D:\VS2012 Projects\0_CS_204\yusufhan_kircova_yusufhan_hw2\yusufhan_kircova_yusufhan_hw2\Debug\link.24028-cvtres.write.1.tlog
D:\VS2012 Projects\0_CS_204\yusufhan_kircova_yusufhan_hw2\yusufhan_kircova_yusufhan_hw2\Debug\link.24028-rc.read.1.tlog
D:\VS2012 Projects\0_CS_204\yusufhan_kircova_yusufhan_hw2\yusufhan_kircova_yusufhan_hw2\Debug\link.24028-rc.write.1.tlog
D:\VS2012 Projects\0_CS_204\yusufhan_kircova_yusufhan_hw2\yusufhan_kircova_yusufhan_hw2\Debug\link.24028.read.1.tlog
D:\VS2012 Projects\0_CS_204\yusufhan_kircova_yusufhan_hw2\yusufhan_kircova_yusufhan_hw2\Debug\link.24028.write.1.tlog
D:\VS2012 Projects\0_CS_204\yusufhan_kircova_yusufhan_hw2\yusufhan_kircova_yusufhan_hw2\Debug\link.25252-cvtres.read.1.tlog
D:\VS2012 Projects\0_CS_204\yusufhan_kircova_yusufhan_hw2\yusufhan_kircova_yusufhan_hw2\Debug\link.25252-cvtres.write.1.tlog
D:\VS2012 Projects\0_CS_204\yusufhan_kircova_yusufhan_hw2\yusufhan_kircova_yusufhan_hw2\Debug\link.25252-rc.read.1.tlog
D:\VS2012 Projects\0_CS_204\yusufhan_kircova_yusufhan_hw2\yusufhan_kircova_yusufhan_hw2\Debug\link.25252-rc.write.1.tlog
D:\VS2012 Projects\0_CS_204\yusufhan_kircova_yusufhan_hw2\yusufhan_kircova_yusufhan_hw2\Debug\link.25252.read.1.tlog
D:\VS2012 Projects\0_CS_204\yusufhan_kircova_yusufhan_hw2\yusufhan_kircova_yusufhan_hw2\Debug\link.25252.write.1.tlog
D:\VS2012 Projects\0_CS_204\yusufhan_kircova_yusufhan_hw2\yusufhan_kircova_yusufhan_hw2\Debug\link.25704-cvtres.read.1.tlog
D:\VS2012 Projects\0_CS_204\yusufhan_kircova_yusufhan_hw2\yusufhan_kircova_yusufhan_hw2\Debug\link.25704-cvtres.write.1.tlog
D:\VS2012 Projects\0_CS_204\yusufhan_kircova_yusufhan_hw2\yusufhan_kircova_yusufhan_hw2\Debug\link.25704-rc.read.1.tlog
D:\VS2012 Projects\0_CS_204\yusufhan_kircova_yusufhan_hw2\yusufhan_kircova_yusufhan_hw2\Debug\link.25704-rc.write.1.tlog
D:\VS2012 Projects\0_CS_204\yusufhan_kircova_yusufhan_hw2\yusufhan_kircova_yusufhan_hw2\Debug\link.25704.read.1.tlog
D:\VS2012 Projects\0_CS_204\yusufhan_kircova_yusufhan_hw2\yusufhan_kircova_yusufhan_hw2\Debug\link.25704.write.1.tlog
D:\VS2012 Projects\0_CS_204\yusufhan_kircova_yusufhan_hw2\yusufhan_kircova_yusufhan_hw2\Debug\link.26032-cvtres.read.1.tlog
D:\VS2012 Projects\0_CS_204\yusufhan_kircova_yusufhan_hw2\yusufhan_kircova_yusufhan_hw2\Debug\link.26032-cvtres.write.1.tlog
D:\VS2012 Projects\0_CS_204\yusufhan_kircova_yusufhan_hw2\yusufhan_kircova_yusufhan_hw2\Debug\link.26032-rc.read.1.tlog
D:\VS2012 Projects\0_CS_204\yusufhan_kircova_yusufhan_hw2\yusufhan_kircova_yusufhan_hw2\Debug\link.26032-rc.write.1.tlog
D:\VS2012 Projects\0_CS_204\yusufhan_kircova_yusufhan_hw2\yusufhan_kircova_yusufhan_hw2\Debug\link.26032.read.1.tlog
D:\VS2012 Projects\0_CS_204\yusufhan_kircova_yusufhan_hw2\yusufhan_kircova_yusufhan_hw2\Debug\link.26032.write.1.tlog
D:\VS2012 Projects\0_CS_204\yusufhan_kircova_yusufhan_hw2\yusufhan_kircova_yusufhan_hw2\Debug\link.26640-cvtres.read.1.tlog
D:\VS2012 Projects\0_CS_204\yusufhan_kircova_yusufhan_hw2\yusufhan_kircova_yusufhan_hw2\Debug\link.26640-cvtres.write.1.tlog
D:\VS2012 Projects\0_CS_204\yusufhan_kircova_yusufhan_hw2\yusufhan_kircova_yusufhan_hw2\Debug\link.26640-rc.read.1.tlog
D:\VS2012 Projects\0_CS_204\yusufhan_kircova_yusufhan_hw2\yusufhan_kircova_yusufhan_hw2\Debug\link.26640-rc.write.1.tlog
D:\VS2012 Projects\0_CS_204\yusufhan_kircova_yusufhan_hw2\yusufhan_kircova_yusufhan_hw2\Debug\link.26640.read.1.tlog
D:\VS2012 Projects\0_CS_204\yusufhan_kircova_yusufhan_hw2\yusufhan_kircova_yusufhan_hw2\Debug\link.26640.write.1.tlog
D:\VS2012 Projects\0_CS_204\yusufhan_kircova_yusufhan_hw2\yusufhan_kircova_yusufhan_hw2\Debug\link.6052-cvtres.read.1.tlog
D:\VS2012 Projects\0_CS_204\yusufhan_kircova_yusufhan_hw2\yusufhan_kircova_yusufhan_hw2\Debug\link.6052-cvtres.write.1.tlog
D:\VS2012 Projects\0_CS_204\yusufhan_kircova_yusufhan_hw2\yusufhan_kircova_yusufhan_hw2\Debug\link.6052-rc.read.1.tlog
D:\VS2012 Projects\0_CS_204\yusufhan_kircova_yusufhan_hw2\yusufhan_kircova_yusufhan_hw2\Debug\link.6052-rc.write.1.tlog
D:\VS2012 Projects\0_CS_204\yusufhan_kircova_yusufhan_hw2\yusufhan_kircova_yusufhan_hw2\Debug\link.6052.read.1.tlog
D:\VS2012 Projects\0_CS_204\yusufhan_kircova_yusufhan_hw2\yusufhan_kircova_yusufhan_hw2\Debug\link.6052.write.1.tlog
D:\VS2012 Projects\0_CS_204\yusufhan_kircova_yusufhan_hw2\yusufhan_kircova_yusufhan_hw2\Debug\link.6320-cvtres.read.1.tlog
D:\VS2012 Projects\0_CS_204\yusufhan_kircova_yusufhan_hw2\yusufhan_kircova_yusufhan_hw2\Debug\link.6320-cvtres.write.1.tlog
D:\VS2012 Projects\0_CS_204\yusufhan_kircova_yusufhan_hw2\yusufhan_kircova_yusufhan_hw2\Debug\link.6320-rc.read.1.tlog
D:\VS2012 Projects\0_CS_204\yusufhan_kircova_yusufhan_hw2\yusufhan_kircova_yusufhan_hw2\Debug\link.6320-rc.write.1.tlog
D:\VS2012 Projects\0_CS_204\yusufhan_kircova_yusufhan_hw2\yusufhan_kircova_yusufhan_hw2\Debug\link.6320.read.1.tlog
D:\VS2012 Projects\0_CS_204\yusufhan_kircova_yusufhan_hw2\yusufhan_kircova_yusufhan_hw2\Debug\link.6320.write.1.tlog
D:\VS2012 Projects\0_CS_204\yusufhan_kircova_yusufhan_hw2\yusufhan_kircova_yusufhan_hw2\Debug\link.9348-cvtres.read.1.tlog
D:\VS2012 Projects\0_CS_204\yusufhan_kircova_yusufhan_hw2\yusufhan_kircova_yusufhan_hw2\Debug\link.9348-cvtres.write.1.tlog
D:\VS2012 Projects\0_CS_204\yusufhan_kircova_yusufhan_hw2\yusufhan_kircova_yusufhan_hw2\Debug\link.9348-rc.read.1.tlog
D:\VS2012 Projects\0_CS_204\yusufhan_kircova_yusufhan_hw2\yusufhan_kircova_yusufhan_hw2\Debug\link.9348-rc.write.1.tlog
D:\VS2012 Projects\0_CS_204\yusufhan_kircova_yusufhan_hw2\yusufhan_kircova_yusufhan_hw2\Debug\link.9348.read.1.tlog
D:\VS2012 Projects\0_CS_204\yusufhan_kircova_yusufhan_hw2\yusufhan_kircova_yusufhan_hw2\Debug\link.9348.write.1.tlog
D:\VS2012 Projects\0_CS_204\yusufhan_kircova_yusufhan_hw2\yusufhan_kircova_yusufhan_hw2\Debug\link.command.1.tlog
D:\VS2012 Projects\0_CS_204\yusufhan_kircova_yusufhan_hw2\yusufhan_kircova_yusufhan_hw2\Debug\link.read.1.tlog
D:\VS2012 Projects\0_CS_204\yusufhan_kircova_yusufhan_hw2\yusufhan_kircova_yusufhan_hw2\Debug\link.write.1.tlog
D:\VS2012 Projects\0_CS_204\yusufhan_kircova_yusufhan_hw2\yusufhan_kircova_yusufhan_hw2\Debug\vc110.idb
D:\VS2012 Projects\0_CS_204\yusufhan_kircova_yusufhan_hw2\yusufhan_kircova_yusufhan_hw2\Debug\vc110.pdb
D:\VS2012 Projects\0_CS_204\yusufhan_kircova_yusufhan_hw2\Debug\yusufhan_kircova_yusufhan_hw2.pdb
D:\VS2012 Projects\0_CS_204\yusufhan_kircova_yusufhan_hw2\Debug\yusufhan_kircova_yusufhan_hw2.exe
D:\VS2012 Projects\0_CS_204\yusufhan_kircova_yusufhan_hw2\Debug\yusufhan_kircova_yusufhan_hw2.ilk
